kikr_app_ui/build/outputs/logs/manifest-merger-debug-report.txt
-- Merging decision tree log ---
manifest
ADDED from src\main\AndroidManifest.xml:2:1-453:12
	xmlns:android
		ADDED from src\main\AndroidManifest.xml:2:11-69
	package
		ADDED from src\main\AndroidManifest.xml:3:5-23
		INJECTED from src\main\AndroidManifest.xml
		INJECTED from src\main\AndroidManifest.xml
	android:versionName
		ADDED from src\main\AndroidManifest.xml:5:5-28
		INJECTED from src\main\AndroidManifest.xml
		INJECTED from src\main\AndroidManifest.xml
	android:versionCode
		ADDED from src\main\AndroidManifest.xml:4:5-28
		INJECTED from src\main\AndroidManifest.xml
		INJECTED from src\main\AndroidManifest.xml
uses-sdk
ADDED from src\main\AndroidManifest.xml:7:5-9:41
MERGED from [com.android.support:multidex:1.0.1] AndroidManifest.xml:18:5-42
MERGED from [Kikr-Android-Studio:instagram_library:unspecified] AndroidManifest.xml:7:5-9:41
MERGED from [Kikr-Android-Studio:kikr_app_services:unspecified] AndroidManifest.xml:7:5-9:41
MERGED from [com.android.support:support-v4:22.2.1] AndroidManifest.xml:20:5-43
MERGED from [Kikr-Android-Studio:main:unspecified] AndroidManifest.xml:5:5-7:41
MERGED from [Kikr-Android-Studio:kikr_menudrawer_lib:unspecified] AndroidManifest.xml:7:5-9:41
MERGED from [Kikr-Android-Studio:libAndroidCrop2:unspecified] AndroidManifest.xml:5:5-7:41
MERGED from [com.android.support:support-v4:22.2.1] AndroidManifest.xml:20:5-43
MERGED from [Kikr-Android-Studio:kikr_FacebookSDK:unspecified] AndroidManifest.xml:20:5-22:40
MERGED from [com.android.support:support-v4:22.2.1] AndroidManifest.xml:20:5-43
MERGED from [Kikr-Android-Studio:kikr_ibeacon_service:unspecified] AndroidManifest.xml:7:5-9:41
MERGED from [com.android.support:support-v4:22.2.1] AndroidManifest.xml:20:5-43
MERGED from [com.google.android.gms:play-services-analytics:8.3.0] AndroidManifest.xml:18:5-42
MERGED from [com.google.android.gms:play-services-basement:8.3.0] AndroidManifest.xml:18:5-42
MERGED from [com.android.support:support-v4:22.2.1] AndroidManifest.xml:20:5-43
MERGED from [com.google.android.gms:play-services-location:8.3.0] AndroidManifest.xml:18:5-42
MERGED from [com.google.android.gms:play-services-base:8.3.0] AndroidManifest.xml:18:5-42
MERGED from [com.google.android.gms:play-services-basement:8.3.0] AndroidManifest.xml:18:5-42
MERGED from [com.android.support:support-v4:22.2.1] AndroidManifest.xml:20:5-43
MERGED from [com.google.android.gms:play-services-maps:8.3.0] AndroidManifest.xml:26:5-42
MERGED from [com.google.android.gms:play-services-base:8.3.0] AndroidManifest.xml:18:5-42
MERGED from [com.google.android.gms:play-services-basement:8.3.0] AndroidManifest.xml:18:5-42
MERGED from [com.android.support:support-v4:22.2.1] AndroidManifest.xml:20:5-43
MERGED from [com.google.android.gms:play-services-plus:8.3.0] AndroidManifest.xml:18:5-42
MERGED from [com.google.android.gms:play-services-base:8.3.0] AndroidManifest.xml:18:5-42
MERGED from [com.google.android.gms:play-services-basement:8.3.0] AndroidManifest.xml:18:5-42
MERGED from [com.android.support:support-v4:22.2.1] AndroidManifest.xml:20:5-43
MERGED from [com.google.android.gms:play-services-wallet:8.3.0] AndroidManifest.xml:19:5-42
MERGED from [com.google.android.gms:play-services-base:8.3.0] AndroidManifest.xml:18:5-42
MERGED from [com.google.android.gms:play-services-basement:8.3.0] AndroidManifest.xml:18:5-42
MERGED from [com.android.support:support-v4:22.2.1] AndroidManifest.xml:20:5-43
MERGED from [com.google.android.gms:play-services-identity:8.3.0] AndroidManifest.xml:18:5-42
MERGED from [com.google.android.gms:play-services-base:8.3.0] AndroidManifest.xml:18:5-42
MERGED from [com.google.android.gms:play-services-basement:8.3.0] AndroidManifest.xml:18:5-42
MERGED from [com.android.support:support-v4:22.2.1] AndroidManifest.xml:20:5-43
MERGED from [com.google.android.gms:play-services-maps:8.3.0] AndroidManifest.xml:26:5-42
MERGED from [com.google.android.gms:play-services-base:8.3.0] AndroidManifest.xml:18:5-42
MERGED from [com.google.android.gms:play-services-basement:8.3.0] AndroidManifest.xml:18:5-42
MERGED from [com.android.support:support-v4:22.2.1] AndroidManifest.xml:20:5-43
MERGED from [fr.avianey.com.viewpagerindicator:library:2.4.1] AndroidManifest.xml:8:5-43
	android:targetSdkVersion
		ADDED from src\main\AndroidManifest.xml:9:9-38
		INJECTED from src\main\AndroidManifest.xml
		INJECTED from src\main\AndroidManifest.xml
	android:minSdkVersion
		ADDED from src\main\AndroidManifest.xml:8:9-35
		INJECTED from src\main\AndroidManifest.xml
		INJECTED from src\main\AndroidManifest.xml
permission#com.kikr.permission.MAPS_RECEIVE
ADDED from src\main\AndroidManifest.xml:11:5-13:47
	android:protectionLevel
		ADDED from src\main\AndroidManifest.xml:13:9-44
	android:name
		ADDED from src\main\AndroidManifest.xml:12:9-56
uses-permission#com.kikr.permission.MAPS_RECEIVE
ADDED from src\main\AndroidManifest.xml:15:5-72
	android:name
		ADDED from src\main\AndroidManifest.xml:15:22-69
uses-permission#android.permission.CAMERA
ADDED from src\main\AndroidManifest.xml:16:5-65
	android:name
		ADDED from src\main\AndroidManifest.xml:16:22-62
uses-permission#android.permission.ACCESS_LOCATION_EXTRA_COMMANDS
ADDED from src\main\AndroidManifest.xml:17:5-89
	android:name
		ADDED from src\main\AndroidManifest.xml:17:22-86
uses-permission#android.permission.ACCESS_FINE_LOCATION
ADDED from src\main\AndroidManifest.xml:18:5-79
	android:name
		ADDED from src\main\AndroidManifest.xml:18:22-76
uses-permission#android.permission.INTERNET
ADDED from src\main\AndroidManifest.xml:19:5-67
MERGED from [Kikr-Android-Studio:instagram_library:unspecified] AndroidManifest.xml:11:5-67
MERGED from [Kikr-Android-Studio:kikr_app_services:unspecified] AndroidManifest.xml:11:5-67
MERGED from [com.google.android.gms:play-services-analytics:8.3.0] AndroidManifest.xml:21:5-67
MERGED from [com.google.android.gms:play-services-maps:8.3.0] AndroidManifest.xml:21:5-66
MERGED from [com.google.android.gms:play-services-wallet:8.3.0] AndroidManifest.xml:20:5-66
MERGED from [com.google.android.gms:play-services-maps:8.3.0] AndroidManifest.xml:21:5-66
	android:name
		ADDED from src\main\AndroidManifest.xml:19:22-64
uses-permission#android.permission.ACCESS_NETWORK_STATE
ADDED from src\main\AndroidManifest.xml:20:5-79
MERGED from [com.google.android.gms:play-services-analytics:8.3.0] AndroidManifest.xml:22:5-79
MERGED from [com.google.android.gms:play-services-maps:8.3.0] AndroidManifest.xml:20:5-78
MERGED from [com.google.android.gms:play-services-maps:8.3.0] AndroidManifest.xml:20:5-78
	android:name
		ADDED from src\main\AndroidManifest.xml:20:22-76
uses-permission#android.permission.USE_CREDENTIALS
ADDED from src\main\AndroidManifest.xml:21:5-74
MERGED from [com.google.android.gms:play-services-wallet:8.3.0] AndroidManifest.xml:22:5-73
	android:name
		ADDED from src\main\AndroidManifest.xml:21:22-71
uses-permission#android.permission.GET_ACCOUNTS
ADDED from src\main\AndroidManifest.xml:23:5-71
MERGED from [com.google.android.gms:play-services-wallet:8.3.0] AndroidManifest.xml:21:5-70
	android:name
		ADDED from src\main\AndroidManifest.xml:23:22-68
uses-permission#com.kikr.permission.C2D_MESSAGE
ADDED from src\main\AndroidManifest.xml:24:5-71
	android:name
		ADDED from src\main\AndroidManifest.xml:24:22-68
uses-permission#com.google.android.c2dm.permission.RECEIVE
ADDED from src\main\AndroidManifest.xml:25:5-82
	android:name
		ADDED from src\main\AndroidManifest.xml:25:22-79
uses-permission#android.permission.VIBRATE
ADDED from src\main\AndroidManifest.xml:26:5-66
	android:name
		ADDED from src\main\AndroidManifest.xml:26:22-63
uses-permission#android.permission.WAKE_LOCK
ADDED from src\main\AndroidManifest.xml:27:5-68
	android:name
		ADDED from src\main\AndroidManifest.xml:27:22-65
uses-permission#android.permission.ACCESS_WIFI_STATE
ADDED from src\main\AndroidManifest.xml:29:5-76
	android:name
		ADDED from src\main\AndroidManifest.xml:29:22-73
uses-permission#android.permission.CHANGE_WIFI_STATE
ADDED from src\main\AndroidManifest.xml:30:5-76
	android:name
		ADDED from src\main\AndroidManifest.xml:30:22-73
uses-permission#android.permission.CHANGE_WIFI_MULTICAST_STATE
ADDED from src\main\AndroidManifest.xml:31:5-86
	android:name
		ADDED from src\main\AndroidManifest.xml:31:22-83
uses-permission#android.permission.CHANGE_NETWORK_STATE
ADDED from src\main\AndroidManifest.xml:32:5-79
	android:name
		ADDED from src\main\AndroidManifest.xml:32:22-76
uses-permission#android.permission.READ_PHONE_STATE
ADDED from src\main\AndroidManifest.xml:33:5-75
	android:name
		ADDED from src\main\AndroidManifest.xml:33:22-72
uses-permission#android.permission.BATTERY_STATS
ADDED from src\main\AndroidManifest.xml:34:5-72
	android:name
		ADDED from src\main\AndroidManifest.xml:34:22-69
uses-permission#android.permission.WRITE_EXTERNAL_STORAGE
ADDED from src\main\AndroidManifest.xml:35:5-81
	android:name
		ADDED from src\main\AndroidManifest.xml:35:22-78
uses-permission#android.permission.BLUETOOTH
ADDED from src\main\AndroidManifest.xml:38:5-68
	android:name
		ADDED from src\main\AndroidManifest.xml:38:22-65
uses-permission#android.permission.BLUETOOTH_ADMIN
ADDED from src\main\AndroidManifest.xml:39:5-74
	android:name
		ADDED from src\main\AndroidManifest.xml:39:22-71
uses-permission#android.permission.RECEIVE_BOOT_COMPLETED
ADDED from src\main\AndroidManifest.xml:42:5-81
	android:name
		ADDED from src\main\AndroidManifest.xml:42:22-78
permission#com.kikr.permission.C2D_MESSAGE
ADDED from src\main\AndroidManifest.xml:44:5-46:47
	android:protectionLevel
		ADDED from src\main\AndroidManifest.xml:46:9-44
	android:name
		ADDED from src\main\AndroidManifest.xml:45:9-55
supports-screens
ADDED from src\main\AndroidManifest.xml:48:5-53:40
	android:largeScreens
		ADDED from src\main\AndroidManifest.xml:50:9-36
	android:anyDensity
		ADDED from src\main\AndroidManifest.xml:49:9-34
	android:normalScreens
		ADDED from src\main\AndroidManifest.xml:51:9-37
	android:xlargeScreens
		ADDED from src\main\AndroidManifest.xml:53:9-37
	android:smallScreens
		ADDED from src\main\AndroidManifest.xml:52:9-36
application
ADDED from src\main\AndroidManifest.xml:55:5-451:19
MERGED from [Kikr-Android-Studio:kikr_app_services:unspecified] AndroidManifest.xml:13:5-28:19
MERGED from [com.android.support:support-v4:22.2.1] AndroidManifest.xml:22:5-20
MERGED from [Kikr-Android-Studio:main:unspecified] AndroidManifest.xml:9:5-47
MERGED from [Kikr-Android-Studio:libAndroidCrop2:unspecified] AndroidManifest.xml:9:5-47
MERGED from [com.android.support:support-v4:22.2.1] AndroidManifest.xml:22:5-20
MERGED from [Kikr-Android-Studio:kikr_FacebookSDK:unspecified] AndroidManifest.xml:24:5-20
MERGED from [com.android.support:support-v4:22.2.1] AndroidManifest.xml:22:5-20
MERGED from [Kikr-Android-Studio:kikr_ibeacon_service:unspecified] AndroidManifest.xml:11:5-15:19
MERGED from [com.android.support:support-v4:22.2.1] AndroidManifest.xml:22:5-20
MERGED from [com.google.android.gms:play-services-analytics:8.3.0] AndroidManifest.xml:24:5-20
MERGED from [com.google.android.gms:play-services-basement:8.3.0] AndroidManifest.xml:20:5-24:19
MERGED from [com.android.support:support-v4:22.2.1] AndroidManifest.xml:22:5-20
MERGED from [com.google.android.gms:play-services-location:8.3.0] AndroidManifest.xml:19:5-20
MERGED from [com.google.android.gms:play-services-basement:8.3.0] AndroidManifest.xml:20:5-24:19
MERGED from [com.android.support:support-v4:22.2.1] AndroidManifest.xml:22:5-20
MERGED from [com.google.android.gms:play-services-maps:8.3.0] AndroidManifest.xml:27:5-20
MERGED from [com.google.android.gms:play-services-basement:8.3.0] AndroidManifest.xml:20:5-24:19
MERGED from [com.android.support:support-v4:22.2.1] AndroidManifest.xml:22:5-20
MERGED from [com.google.android.gms:play-services-plus:8.3.0] AndroidManifest.xml:19:5-20
MERGED from [com.google.android.gms:play-services-basement:8.3.0] AndroidManifest.xml:20:5-24:19
MERGED from [com.android.support:support-v4:22.2.1] AndroidManifest.xml:22:5-20
MERGED from [com.google.android.gms:play-services-basement:8.3.0] AndroidManifest.xml:20:5-24:19
MERGED from [com.android.support:support-v4:22.2.1] AndroidManifest.xml:22:5-20
MERGED from [com.google.android.gms:play-services-identity:8.3.0] AndroidManifest.xml:19:5-20
MERGED from [com.google.android.gms:play-services-basement:8.3.0] AndroidManifest.xml:20:5-24:19
MERGED from [com.android.support:support-v4:22.2.1] AndroidManifest.xml:22:5-20
MERGED from [com.google.android.gms:play-services-maps:8.3.0] AndroidManifest.xml:27:5-20
MERGED from [com.google.android.gms:play-services-basement:8.3.0] AndroidManifest.xml:20:5-24:19
MERGED from [com.android.support:support-v4:22.2.1] AndroidManifest.xml:22:5-20
	android:label
		ADDED from src\main\AndroidManifest.xml:59:9-41
	android:allowBackup
		ADDED from src\main\AndroidManifest.xml:57:9-35
	android:icon
		ADDED from src\main\AndroidManifest.xml:58:9-45
	android:theme
		ADDED from src\main\AndroidManifest.xml:61:9-40
	android:largeHeap
		ADDED from src\main\AndroidManifest.xml:60:9-33
	android:name
		ADDED from src\main\AndroidManifest.xml:56:9-40
activity#net.hockeyapp.android.UpdateActivity
ADDED from src\main\AndroidManifest.xml:62:9-73
	android:name
		ADDED from src\main\AndroidManifest.xml:62:19-70
activity#com.soundcloud.android.crop.CropImageActivity
ADDED from src\main\AndroidManifest.xml:63:9-82
	android:name
		ADDED from src\main\AndroidManifest.xml:63:19-79
activity#com.kikr.activity.SplashActivity
ADDED from src\main\AndroidManifest.xml:64:9-74:20
	android:screenOrientation
		ADDED from src\main\AndroidManifest.xml:67:13-49
	android:label
		ADDED from src\main\AndroidManifest.xml:66:13-45
	android:name
		ADDED from src\main\AndroidManifest.xml:65:13-60
meta-data#io.branch.sdk.auto_link_keys
ADDED from src\main\AndroidManifest.xml:68:13-115
	android:name
		ADDED from src\main\AndroidManifest.xml:68:24-67
	android:value
		ADDED from src\main\AndroidManifest.xml:68:68-112
intent-filter#android.intent.action.MAIN+android.intent.category.LAUNCHER
ADDED from src\main\AndroidManifest.xml:69:13-73:29
action#android.intent.action.MAIN
ADDED from src\main\AndroidManifest.xml:70:17-69
	android:name
		ADDED from src\main\AndroidManifest.xml:70:25-66
category#android.intent.category.LAUNCHER
ADDED from src\main\AndroidManifest.xml:72:17-77
	android:name
		ADDED from src\main\AndroidManifest.xml:72:27-74
activity#com.kikr.activity.LandingActivity
ADDED from src\main\AndroidManifest.xml:75:9-80:20
	android:windowSoftInputMode
		ADDED from src\main\AndroidManifest.xml:79:13-64
	android:screenOrientation
		ADDED from src\main\AndroidManifest.xml:78:13-49
	android:configChanges
		ADDED from src\main\AndroidManifest.xml:77:13-72
	android:name
		ADDED from src\main\AndroidManifest.xml:76:13-61
activity#com.kikr.activity.SignUpActivity
ADDED from src\main\AndroidManifest.xml:81:9-86:20
	android:windowSoftInputMode
		ADDED from src\main\AndroidManifest.xml:85:13-64
	android:screenOrientation
		ADDED from src\main\AndroidManifest.xml:84:13-49
	android:configChanges
		ADDED from src\main\AndroidManifest.xml:83:13-72
	android:name
		ADDED from src\main\AndroidManifest.xml:82:13-60
activity#com.kikr.activity.PinActivity
ADDED from src\main\AndroidManifest.xml:87:9-92:20
	android:windowSoftInputMode
		ADDED from src\main\AndroidManifest.xml:91:13-64
	android:screenOrientation
		ADDED from src\main\AndroidManifest.xml:90:13-49
	android:configChanges
		ADDED from src\main\AndroidManifest.xml:89:13-72
	android:name
		ADDED from src\main\AndroidManifest.xml:88:13-57
activity#com.kikr.activity.HomeActivity
ADDED from src\main\AndroidManifest.xml:93:9-98:20
	android:windowSoftInputMode
		ADDED from src\main\AndroidManifest.xml:97:13-64
	android:screenOrientation
		ADDED from src\main\AndroidManifest.xml:96:13-49
	android:configChanges
		ADDED from src\main\AndroidManifest.xml:95:13-83
	android:name
		ADDED from src\main\AndroidManifest.xml:94:13-58
activity#com.kikr.activity.PinAuthActivity
ADDED from src\main\AndroidManifest.xml:99:9-104:20
	android:windowSoftInputMode
		ADDED from src\main\AndroidManifest.xml:103:13-64
	android:screenOrientation
		ADDED from src\main\AndroidManifest.xml:102:13-49
	android:configChanges
		ADDED from src\main\AndroidManifest.xml:101:13-72
	android:name
		ADDED from src\main\AndroidManifest.xml:100:13-61
activity#com.kikr.activity.EditProfileActivity
ADDED from src\main\AndroidManifest.xml:105:9-110:20
	android:windowSoftInputMode
		ADDED from src\main\AndroidManifest.xml:109:13-64
	android:screenOrientation
		ADDED from src\main\AndroidManifest.xml:108:13-49
	android:configChanges
		ADDED from src\main\AndroidManifest.xml:107:13-74
	android:name
		ADDED from src\main\AndroidManifest.xml:106:13-65
activity#com.kikr.activity.KikrLearnMoreActivity
ADDED from src\main\AndroidManifest.xml:111:9-116:20
	android:windowSoftInputMode
		ADDED from src\main\AndroidManifest.xml:115:13-64
	android:screenOrientation
		ADDED from src\main\AndroidManifest.xml:114:13-49
	android:configChanges
		ADDED from src\main\AndroidManifest.xml:113:13-74
	android:name
		ADDED from src\main\AndroidManifest.xml:112:13-67
activity#com.kikr.activity.DiscoverDetailActivity
ADDED from src\main\AndroidManifest.xml:117:9-122:20
	android:windowSoftInputMode
		ADDED from src\main\AndroidManifest.xml:121:13-64
	android:screenOrientation
		ADDED from src\main\AndroidManifest.xml:120:13-49
	android:configChanges
		ADDED from src\main\AndroidManifest.xml:119:13-72
	android:name
		ADDED from src\main\AndroidManifest.xml:118:13-68
activity#com.kikr.activity.PhoneNumberActivity
ADDED from src\main\AndroidManifest.xml:123:9-128:20
	android:windowSoftInputMode
		ADDED from src\main\AndroidManifest.xml:127:13-64
	android:screenOrientation
		ADDED from src\main\AndroidManifest.xml:126:13-49
	android:configChanges
		ADDED from src\main\AndroidManifest.xml:125:13-72
	android:name
		ADDED from src\main\AndroidManifest.xml:124:13-65
activity#com.kikr.activity.LoginActivity
ADDED from src\main\AndroidManifest.xml:129:9-134:20
	android:windowSoftInputMode
		ADDED from src\main\AndroidManifest.xml:133:13-64
	android:screenOrientation
		ADDED from src\main\AndroidManifest.xml:132:13-49
	android:configChanges
		ADDED from src\main\AndroidManifest.xml:131:13-72
	android:name
		ADDED from src\main\AndroidManifest.xml:130:13-59
activity#com.kikr.activity.WalletPinActivity
ADDED from src\main\AndroidManifest.xml:135:9-140:20
	android:windowSoftInputMode
		ADDED from src\main\AndroidManifest.xml:139:13-64
	android:screenOrientation
		ADDED from src\main\AndroidManifest.xml:138:13-49
	android:configChanges
		ADDED from src\main\AndroidManifest.xml:137:13-72
	android:name
		ADDED from src\main\AndroidManifest.xml:136:13-63
activity#com.kikr.activity.DealWebViewActivity
ADDED from src\main\AndroidManifest.xml:141:9-146:20
	android:windowSoftInputMode
		ADDED from src\main\AndroidManifest.xml:145:13-64
	android:screenOrientation
		ADDED from src\main\AndroidManifest.xml:144:13-49
	android:configChanges
		ADDED from src\main\AndroidManifest.xml:143:13-72
	android:name
		ADDED from src\main\AndroidManifest.xml:142:13-65
activity#com.kikr.activity.FollowCategoriesActivity
ADDED from src\main\AndroidManifest.xml:147:9-152:20
	android:windowSoftInputMode
		ADDED from src\main\AndroidManifest.xml:151:13-64
	android:screenOrientation
		ADDED from src\main\AndroidManifest.xml:150:13-49
	android:configChanges
		ADDED from src\main\AndroidManifest.xml:149:13-72
	android:name
		ADDED from src\main\AndroidManifest.xml:148:13-70
activity#com.kikr.activity.FollowBrandsActivity
ADDED from src\main\AndroidManifest.xml:153:9-158:20
	android:windowSoftInputMode
		ADDED from src\main\AndroidManifest.xml:157:13-64
	android:screenOrientation
		ADDED from src\main\AndroidManifest.xml:156:13-49
	android:configChanges
		ADDED from src\main\AndroidManifest.xml:155:13-72
	android:name
		ADDED from src\main\AndroidManifest.xml:154:13-66
activity#com.kikr.activity.FollowStoreActivity
ADDED from src\main\AndroidManifest.xml:159:9-164:20
	android:windowSoftInputMode
		ADDED from src\main\AndroidManifest.xml:163:13-64
	android:screenOrientation
		ADDED from src\main\AndroidManifest.xml:162:13-49
	android:configChanges
		ADDED from src\main\AndroidManifest.xml:161:13-72
	android:name
		ADDED from src\main\AndroidManifest.xml:160:13-65
activity#com.kikr.activity.EmailActivity
ADDED from src\main\AndroidManifest.xml:165:9-170:20
	android:windowSoftInputMode
		ADDED from src\main\AndroidManifest.xml:169:13-64
	android:screenOrientation
		ADDED from src\main\AndroidManifest.xml:168:13-49
	android:configChanges
		ADDED from src\main\AndroidManifest.xml:167:13-72
	android:name
		ADDED from src\main\AndroidManifest.xml:166:13-59
activity#com.kikr.activity.FbSignActivity
ADDED from src\main\AndroidManifest.xml:171:9-175:20
	android:screenOrientation
		ADDED from src\main\AndroidManifest.xml:173:13-49
	android:theme
		ADDED from src\main\AndroidManifest.xml:174:13-72
	android:name
		ADDED from src\main\AndroidManifest.xml:172:13-60
activity#com.facebook.LoginActivity
ADDED from src\main\AndroidManifest.xml:176:9-177:20
	android:name
		ADDED from src\main\AndroidManifest.xml:176:19-60
activity#com.kikr.twitter.TwitterOAuthActivity
ADDED from src\main\AndroidManifest.xml:178:9-182:20
	android:screenOrientation
		ADDED from src\main\AndroidManifest.xml:181:13-49
	android:configChanges
		ADDED from src\main\AndroidManifest.xml:180:13-63
	android:name
		ADDED from src\main\AndroidManifest.xml:179:13-65
activity#com.kikr.activity.AddBankActivity
ADDED from src\main\AndroidManifest.xml:183:9-188:20
	android:windowSoftInputMode
		ADDED from src\main\AndroidManifest.xml:187:13-64
	android:screenOrientation
		ADDED from src\main\AndroidManifest.xml:186:13-49
	android:configChanges
		ADDED from src\main\AndroidManifest.xml:185:13-72
	android:name
		ADDED from src\main\AndroidManifest.xml:184:13-61
activity#com.kikr.activity.ForgotPassword
ADDED from src\main\AndroidManifest.xml:189:9-194:20
	android:windowSoftInputMode
		ADDED from src\main\AndroidManifest.xml:193:13-64
	android:screenOrientation
		ADDED from src\main\AndroidManifest.xml:192:13-49
	android:configChanges
		ADDED from src\main\AndroidManifest.xml:191:13-72
	android:name
		ADDED from src\main\AndroidManifest.xml:190:13-60
activity#com.kikr.googlewallet.CheckoutActivity
ADDED from src\main\AndroidManifest.xml:195:9-200:20
	android:windowSoftInputMode
		ADDED from src\main\AndroidManifest.xml:199:13-64
	android:screenOrientation
		ADDED from src\main\AndroidManifest.xml:198:13-49
	android:configChanges
		ADDED from src\main\AndroidManifest.xml:197:13-72
	android:name
		ADDED from src\main\AndroidManifest.xml:196:13-66
activity#com.kikr.googlewallet.ConfirmationActivity
ADDED from src\main\AndroidManifest.xml:201:9-206:20
	android:windowSoftInputMode
		ADDED from src\main\AndroidManifest.xml:205:13-64
	android:screenOrientation
		ADDED from src\main\AndroidManifest.xml:204:13-49
	android:configChanges
		ADDED from src\main\AndroidManifest.xml:203:13-72
	android:name
		ADDED from src\main\AndroidManifest.xml:202:13-70
activity#com.kikr.googlewallet.OrderCompleteActivity
ADDED from src\main\AndroidManifest.xml:207:9-212:20
	android:windowSoftInputMode
		ADDED from src\main\AndroidManifest.xml:211:13-64
	android:screenOrientation
		ADDED from src\main\AndroidManifest.xml:210:13-49
	android:configChanges
		ADDED from src\main\AndroidManifest.xml:209:13-72
	android:name
		ADDED from src\main\AndroidManifest.xml:208:13-71
activity#com.kikr.activity.KikrTutorialActivity
ADDED from src\main\AndroidManifest.xml:213:9-218:20
	android:windowSoftInputMode
		ADDED from src\main\AndroidManifest.xml:217:13-64
	android:screenOrientation
		ADDED from src\main\AndroidManifest.xml:216:13-49
	android:configChanges
		ADDED from src\main\AndroidManifest.xml:215:13-72
	android:name
		ADDED from src\main\AndroidManifest.xml:214:13-66
activity#com.kikr.ibeacon.BeaconMainActivity
ADDED from src\main\AndroidManifest.xml:219:9-224:20
	android:windowSoftInputMode
		ADDED from src\main\AndroidManifest.xml:223:13-64
	android:screenOrientation
		ADDED from src\main\AndroidManifest.xml:222:13-49
	android:configChanges
		ADDED from src\main\AndroidManifest.xml:221:13-72
	android:name
		ADDED from src\main\AndroidManifest.xml:220:13-63
activity#com.kikr.ibeacon.MonitoringActivity
ADDED from src\main\AndroidManifest.xml:231:9-236:20
	android:windowSoftInputMode
		ADDED from src\main\AndroidManifest.xml:235:13-64
	android:screenOrientation
		ADDED from src\main\AndroidManifest.xml:234:13-49
	android:configChanges
		ADDED from src\main\AndroidManifest.xml:233:13-72
	android:name
		ADDED from src\main\AndroidManifest.xml:232:13-63
activity#com.kikr.activity.ResetPassword
ADDED from src\main\AndroidManifest.xml:237:9-242:20
	android:windowSoftInputMode
		ADDED from src\main\AndroidManifest.xml:241:13-64
	android:screenOrientation
		ADDED from src\main\AndroidManifest.xml:240:13-49
	android:configChanges
		ADDED from src\main\AndroidManifest.xml:239:13-72
	android:name
		ADDED from src\main\AndroidManifest.xml:238:13-59
activity#com.kikr.ibeacon.BeaconMessageActivity
ADDED from src\main\AndroidManifest.xml:243:9-248:20
	android:windowSoftInputMode
		ADDED from src\main\AndroidManifest.xml:247:13-64
	android:screenOrientation
		ADDED from src\main\AndroidManifest.xml:246:13-49
	android:configChanges
		ADDED from src\main\AndroidManifest.xml:245:13-72
	android:name
		ADDED from src\main\AndroidManifest.xml:244:13-66
activity#com.kikr.activity.ChangePasswordActivity
ADDED from src\main\AndroidManifest.xml:255:9-260:20
	android:windowSoftInputMode
		ADDED from src\main\AndroidManifest.xml:259:13-64
	android:screenOrientation
		ADDED from src\main\AndroidManifest.xml:258:13-49
	android:configChanges
		ADDED from src\main\AndroidManifest.xml:257:13-72
	android:name
		ADDED from src\main\AndroidManifest.xml:256:13-68
activity#com.kikr.activity.ChangeWalletPinActivity
ADDED from src\main\AndroidManifest.xml:261:9-266:20
	android:windowSoftInputMode
		ADDED from src\main\AndroidManifest.xml:265:13-64
	android:screenOrientation
		ADDED from src\main\AndroidManifest.xml:264:13-49
	android:configChanges
		ADDED from src\main\AndroidManifest.xml:263:13-72
	android:name
		ADDED from src\main\AndroidManifest.xml:262:13-69
activity#com.kikr.activity.ChangeEmailActivity
ADDED from src\main\AndroidManifest.xml:267:9-272:20
	android:windowSoftInputMode
		ADDED from src\main\AndroidManifest.xml:271:13-64
	android:screenOrientation
		ADDED from src\main\AndroidManifest.xml:270:13-49
	android:configChanges
		ADDED from src\main\AndroidManifest.xml:269:13-72
	android:name
		ADDED from src\main\AndroidManifest.xml:268:13-65
activity#com.kikr.activity.DefaultLifestyleImagesActivity
ADDED from src\main\AndroidManifest.xml:273:9-278:20
	android:windowSoftInputMode
		ADDED from src\main\AndroidManifest.xml:277:13-64
	android:screenOrientation
		ADDED from src\main\AndroidManifest.xml:276:13-49
	android:configChanges
		ADDED from src\main\AndroidManifest.xml:275:13-72
	android:name
		ADDED from src\main\AndroidManifest.xml:274:13-76
activity#com.kikr.activity.ImageViewActivity
ADDED from src\main\AndroidManifest.xml:279:9-284:20
	android:windowSoftInputMode
		ADDED from src\main\AndroidManifest.xml:283:13-64
	android:screenOrientation
		ADDED from src\main\AndroidManifest.xml:282:13-49
	android:configChanges
		ADDED from src\main\AndroidManifest.xml:281:13-72
	android:name
		ADDED from src\main\AndroidManifest.xml:280:13-63
activity#com.kikr.activity.LearnMoreOutsideUSActivity
ADDED from src\main\AndroidManifest.xml:285:9-290:20
	android:windowSoftInputMode
		ADDED from src\main\AndroidManifest.xml:289:13-64
	android:screenOrientation
		ADDED from src\main\AndroidManifest.xml:288:13-49
	android:configChanges
		ADDED from src\main\AndroidManifest.xml:287:13-72
	android:name
		ADDED from src\main\AndroidManifest.xml:286:13-72
activity#com.kikr.activity.ProductDetailWebViewActivity
ADDED from src\main\AndroidManifest.xml:291:9-296:20
	android:windowSoftInputMode
		ADDED from src\main\AndroidManifest.xml:295:13-64
	android:screenOrientation
		ADDED from src\main\AndroidManifest.xml:294:13-49
	android:configChanges
		ADDED from src\main\AndroidManifest.xml:293:13-72
	android:name
		ADDED from src\main\AndroidManifest.xml:292:13-74
activity#com.kikr.activity.RegisterEmailOnSkipActivity
ADDED from src\main\AndroidManifest.xml:297:9-302:20
	android:windowSoftInputMode
		ADDED from src\main\AndroidManifest.xml:301:13-64
	android:screenOrientation
		ADDED from src\main\AndroidManifest.xml:300:13-49
	android:configChanges
		ADDED from src\main\AndroidManifest.xml:299:13-72
	android:name
		ADDED from src\main\AndroidManifest.xml:298:13-73
activity#com.kikr.activity.FollowCategoriesNewActivity
ADDED from src\main\AndroidManifest.xml:303:9-308:20
	android:windowSoftInputMode
		ADDED from src\main\AndroidManifest.xml:307:13-64
	android:screenOrientation
		ADDED from src\main\AndroidManifest.xml:306:13-49
	android:configChanges
		ADDED from src\main\AndroidManifest.xml:305:13-72
	android:name
		ADDED from src\main\AndroidManifest.xml:304:13-73
activity#com.kikr.activity.InstagramLoginActivity
ADDED from src\main\AndroidManifest.xml:309:9-314:20
	android:windowSoftInputMode
		ADDED from src\main\AndroidManifest.xml:313:13-64
	android:screenOrientation
		ADDED from src\main\AndroidManifest.xml:312:13-49
	android:configChanges
		ADDED from src\main\AndroidManifest.xml:311:13-72
	android:name
		ADDED from src\main\AndroidManifest.xml:310:13-68
receiver#com.google.android.gcm.GCMBroadcastReceiver
ADDED from src\main\AndroidManifest.xml:317:9-329:20
	android:permission
		ADDED from src\main\AndroidManifest.xml:319:13-73
	android:name
		ADDED from src\main\AndroidManifest.xml:318:13-71
intent-filter#com.google.android.c2dm.intent.RECEIVE+com.google.android.c2dm.intent.REGISTRATION+com.kikr
ADDED from src\main\AndroidManifest.xml:320:13-328:29